2024-10-06 12:14:45 INFO  TC001_AccountRegistrationTest:16 - ***TC001_AccountRegistrationTest Started***
2024-10-06 12:14:45 INFO  TC001_AccountRegistrationTest:23 - Clicked on MyAccount Link
2024-10-06 12:14:45 INFO  TC001_AccountRegistrationTest:25 - Clicked on Register Link
2024-10-06 12:14:45 INFO  TC001_AccountRegistrationTest:29 - Costomer Information provided
2024-10-06 12:14:46 INFO  TC001_AccountRegistrationTest:39 - Click on Continue Botton
2024-10-06 12:14:46 INFO  TC001_AccountRegistrationTest:42 - Verify Verification
2024-10-06 12:14:46 INFO  TC001_AccountRegistrationTest:53 - ....Test Finished....
2024-10-06 12:14:55 INFO  TC_002_LoginTest:17 - **** Starting TC_002_LoginTest  ****
2024-10-06 12:14:55 INFO  TC_002_LoginTest:24 - clicked on myaccount link on the home page..
2024-10-06 12:14:55 INFO  TC_002_LoginTest:26 - clicked on login link under myaccount..
2024-10-06 12:14:55 INFO  TC_002_LoginTest:30 - Entering valid email and password..
2024-10-06 12:14:56 INFO  TC_002_LoginTest:34 - clicked on ligin button..
2024-10-06 12:14:56 INFO  TC_002_LoginTest:48 - **** Finished TC_002_LoginTest  ****
2024-10-06 12:15:31 INFO  TC001_AccountRegistrationTest:16 - ***TC001_AccountRegistrationTest Started***
2024-10-06 12:15:32 INFO  TC001_AccountRegistrationTest:23 - Clicked on MyAccount Link
2024-10-06 12:15:32 INFO  TC001_AccountRegistrationTest:25 - Clicked on Register Link
2024-10-06 12:15:32 INFO  TC001_AccountRegistrationTest:29 - Costomer Information provided
2024-10-06 12:15:33 INFO  TC001_AccountRegistrationTest:39 - Click on Continue Botton
2024-10-06 12:15:33 INFO  TC001_AccountRegistrationTest:42 - Verify Verification
2024-10-06 12:15:38 INFO  TC_002_LoginTest:17 - **** Starting TC_002_LoginTest  ****
2024-10-06 12:15:38 INFO  TC_002_LoginTest:24 - clicked on myaccount link on the home page..
2024-10-06 12:15:38 INFO  TC_002_LoginTest:26 - clicked on login link under myaccount..
2024-10-06 12:15:38 INFO  TC_002_LoginTest:30 - Entering valid email and password..
2024-10-06 12:15:39 INFO  TC_002_LoginTest:34 - clicked on ligin button..
2024-10-06 12:15:39 INFO  TC_002_LoginTest:48 - **** Finished TC_002_LoginTest  ****
2024-10-06 12:16:53 INFO  TC001_AccountRegistrationTest:16 - ***TC001_AccountRegistrationTest Started***
2024-10-06 12:16:53 INFO  TC001_AccountRegistrationTest:23 - Clicked on MyAccount Link
2024-10-06 12:16:54 INFO  TC001_AccountRegistrationTest:25 - Clicked on Register Link
2024-10-06 12:16:54 INFO  TC001_AccountRegistrationTest:29 - Costomer Information provided
2024-10-06 12:16:54 INFO  TC001_AccountRegistrationTest:39 - Click on Continue Botton
2024-10-06 12:16:54 INFO  TC001_AccountRegistrationTest:42 - Verify Verification
2024-10-06 12:16:54 INFO  TC001_AccountRegistrationTest:53 - ....Test Finished....
